  테트리스.cpp
C:\Users\Sunwoo\Documents\Github\C-club-project\C언어 동아리 프로젝트\테트리스.cpp(91,21): warning C4838: 'int'에서 'SHORT'(으)로의 변환에는 축소 변환이 필요합니다.
C:\Users\Sunwoo\Documents\Github\C-club-project\C언어 동아리 프로젝트\테트리스.cpp(91,25): warning C4838: 'int'에서 'SHORT'(으)로의 변환에는 축소 변환이 필요합니다.
C:\Users\Sunwoo\Documents\Github\C-club-project\C언어 동아리 프로젝트\테트리스.cpp(164,13): warning C4996: 'kbhit': The POSIX name for this item is deprecated. Instead, use the ISO C and C++ conformant name: _kbhit. See online help for details.
C:\Users\Sunwoo\Documents\Github\C-club-project\C언어 동아리 프로젝트\테트리스.cpp(172,12): warning C4996: 'kbhit': The POSIX name for this item is deprecated. Instead, use the ISO C and C++ conformant name: _kbhit. See online help for details.
C:\Users\Sunwoo\Documents\Github\C-club-project\C언어 동아리 프로젝트\테트리스.cpp(178,18): warning C4996: 'fopen': This function or variable may be unsafe. Consider using fopen_s instead. To disable deprecation, use _CRT_SECURE_NO_WARNINGS. See online help for details.
C:\Users\Sunwoo\Documents\Github\C-club-project\C언어 동아리 프로젝트\테트리스.cpp(181,9): warning C4996: 'fscanf': This function or variable may be unsafe. Consider using fscanf_s instead. To disable deprecation, use _CRT_SECURE_NO_WARNINGS. See online help for details.
C:\Users\Sunwoo\Documents\Github\C-club-project\C언어 동아리 프로젝트\테트리스.cpp(327,9): warning C4996: 'kbhit': The POSIX name for this item is deprecated. Instead, use the ISO C and C++ conformant name: _kbhit. See online help for details.
C:\Users\Sunwoo\Documents\Github\C-club-project\C언어 동아리 프로젝트\테트리스.cpp(328,15): warning C4996: 'getch': The POSIX name for this item is deprecated. Instead, use the ISO C and C++ conformant name: _getch. See online help for details.
C:\Users\Sunwoo\Documents\Github\C-club-project\C언어 동아리 프로젝트\테트리스.cpp(330,24): warning C4996: 'getch': The POSIX name for this item is deprecated. Instead, use the ISO C and C++ conformant name: _getch. See online help for details.
C:\Users\Sunwoo\Documents\Github\C-club-project\C언어 동아리 프로젝트\테트리스.cpp(367,12): warning C4996: 'kbhit': The POSIX name for this item is deprecated. Instead, use the ISO C and C++ conformant name: _kbhit. See online help for details.
C:\Users\Sunwoo\Documents\Github\C-club-project\C언어 동아리 프로젝트\테트리스.cpp(612,30): warning C4996: 'fopen': This function or variable may be unsafe. Consider using fopen_s instead. To disable deprecation, use _CRT_SECURE_NO_WARNINGS. See online help for details.
C:\Users\Sunwoo\Documents\Github\C-club-project\C언어 동아리 프로젝트\테트리스.cpp(626,20): warning C4996: 'kbhit': The POSIX name for this item is deprecated. Instead, use the ISO C and C++ conformant name: _kbhit. See online help for details.
C:\Users\Sunwoo\Documents\Github\C-club-project\C언어 동아리 프로젝트\테트리스.cpp(627,19): warning C4996: 'getch': The POSIX name for this item is deprecated. Instead, use the ISO C and C++ conformant name: _getch. See online help for details.
C:\Users\Sunwoo\Documents\Github\C-club-project\C언어 동아리 프로젝트\테트리스.cpp(649,5): warning C4996: 'getch': The POSIX name for this item is deprecated. Instead, use the ISO C and C++ conformant name: _getch. See online help for details.
  코드를 생성하고 있습니다.
  3 of 53 functions ( 5.7%) were compiled, the rest were copied from previous compilation.
    0 functions were new in current compilation
    5 functions had inline decision re-evaluated but remain unchanged
  코드를 생성했습니다.
  C언어 동아리 프로젝트.vcxproj -> C:\Users\Sunwoo\Documents\Github\C-club-project\x64\Release\C언어 동아리 프로젝트.exe
